<?xml version="1.0" encoding="UTF-8"?>
<!-- Generated by org.testng.reporters.JUnitXMLReporter -->
<testsuite hostname="GZ-Stone" name="theKnot" tests="1" failures="1" timestamp="23 Jan 2015 11:16:30 GMT" time="1.016" errors="0">
  <testcase name="@AfterMethod afterTest" time="0.0" classname="KWS.prepare.exec">
    <failure type="java.lang.NullPointerException">
      <![CDATA[java.lang.NullPointerException
	at KWS.prepare.basePrepare.afterTest(basePrepare.java:71)
... Removed 25 stack frames]]>
    </failure>
  </testcase> <!-- @AfterMethod afterTest -->
  <testcase name="验证百度搜索" time="0.378" classname="KWS.prepare.exec">
    <failure type="java.lang.NullPointerException">
      <![CDATA[java.lang.NullPointerException
	at KWS.prepare.autoMan.getUrl(autoMan.java:29)
	at KWS.prepare.testdata.readExcel(testdata.java:63)
	at KWS.prepare.exec.验证百度搜索(exec.java:8)
... Removed 23 stack frames]]>
    </failure>
  </testcase> <!-- 验证百度搜索 -->
</testsuite> <!-- theKnot -->
